<?xml version="1.0" encoding="UTF-8"?>
<testng-results ignored="0" total="1" passed="1" failed="0" skipped="0">
  <reporter-output>
  </reporter-output>
  <suite started-at="2025-01-24T11:06:50 IST" name="Suite" finished-at="2025-01-24T11:06:56 IST" duration-ms="6048">
    <groups>
    </groups>
    <test started-at="2025-01-24T11:06:50 IST" name="chromeTest" finished-at="2025-01-24T11:06:56 IST" duration-ms="6048">
      <class name="testCases.LoginTest">
        <test-method is-config="true" signature="setup()[pri:0, instance:testCases.LoginTest@1283bb96]" started-at="2025-01-24T11:06:51 IST" name="setup" finished-at="2025-01-24T11:06:55 IST" duration-ms="4240" status="PASS">
          <reporter-output>
          </reporter-output>
        </test-method> <!-- setup -->
        <test-method signature="testLogin()[pri:0, instance:testCases.LoginTest@1283bb96]" started-at="2025-01-24T11:06:55 IST" name="testLogin" finished-at="2025-01-24T11:06:56 IST" duration-ms="810" status="PASS">
          <reporter-output>
          </reporter-output>
        </test-method> <!-- testLogin -->
        <test-method is-config="true" signature="close()[pri:0, instance:testCases.LoginTest@1283bb96]" started-at="2025-01-24T11:06:56 IST" name="close" finished-at="2025-01-24T11:06:56 IST" duration-ms="256" status="PASS">
          <reporter-output>
          </reporter-output>
        </test-method> <!-- close -->
      </class> <!-- testCases.LoginTest -->
    </test> <!-- chromeTest -->
  </suite> <!-- Suite -->
</testng-results>
